[12/01 15:35:50] eval INFO: load global model from D:\githubdownloads\Fed3DGS_data\global-models\rubble\global_model.pth
[12/01 15:35:51] eval INFO: #Gaussians 2988033
[12/01 15:35:51] eval INFO: load metadata
[12/01 15:35:51] eval INFO: evaluate
[12/01 15:37:32] eval INFO: loss : 0.032353390008211136 -> 0.02223001979291439
[12/01 15:37:32] eval INFO: 000000.jpg
[12/01 15:37:34] eval INFO: PSNR: 16.651161193847656
[12/01 15:37:34] eval INFO: SSIM: 0.3869144022464752
[12/01 15:37:34] eval INFO: LPIPS: 0.5476790070533752
[12/01 15:39:43] eval INFO: loss : 0.011005071923136711 -> 0.009485212154686451
[12/01 15:39:44] eval INFO: 000083.jpg
[12/01 15:39:45] eval INFO: PSNR: 15.8330078125
[12/01 15:39:45] eval INFO: SSIM: 0.4491497576236725
[12/01 15:39:45] eval INFO: LPIPS: 0.4936889410018921
[12/01 15:41:55] eval INFO: loss : 0.01621013507246971 -> 0.016194920986890793
[12/01 15:41:56] eval INFO: 000166.jpg
[12/01 15:41:57] eval INFO: PSNR: 18.73581314086914
[12/01 15:41:57] eval INFO: SSIM: 0.46738842129707336
[12/01 15:41:57] eval INFO: LPIPS: 0.5299081802368164
[12/01 15:44:20] eval INFO: loss : 0.006479764357209206 -> 0.006476083770394325
[12/01 15:44:21] eval INFO: 000249.jpg
[12/01 15:44:22] eval INFO: PSNR: 18.4810848236084
[12/01 15:44:22] eval INFO: SSIM: 0.572381854057312
[12/01 15:44:22] eval INFO: LPIPS: 0.38583263754844666
[12/01 15:46:01] eval INFO: loss : 0.012919055297970772 -> 0.01222939882427454
[12/01 15:46:02] eval INFO: 000332.jpg
[12/01 15:46:02] eval INFO: PSNR: 18.7442626953125
[12/01 15:46:02] eval INFO: SSIM: 0.4931948184967041
[12/01 15:46:02] eval INFO: LPIPS: 0.44274210929870605
[12/01 15:48:07] eval INFO: loss : 0.018735582008957863 -> 0.015626000240445137
[12/01 15:48:08] eval INFO: 000415.jpg
[12/01 15:48:09] eval INFO: PSNR: 19.747623443603516
[12/01 15:48:09] eval INFO: SSIM: 0.6660324931144714
[12/01 15:48:09] eval INFO: LPIPS: 0.3634070158004761
[12/01 15:50:14] eval INFO: loss : 0.007366780657321215 -> 0.005381283815950155
[12/01 15:50:15] eval INFO: 000498.jpg
[12/01 15:50:16] eval INFO: PSNR: 20.86422348022461
[12/01 15:50:16] eval INFO: SSIM: 0.635109007358551
[12/01 15:50:16] eval INFO: LPIPS: 0.3900902271270752
[12/01 15:52:34] eval INFO: loss : 0.02009931020438671 -> 0.007708703633397818
[12/01 15:52:34] eval INFO: 000581.jpg
[12/01 15:52:35] eval INFO: PSNR: 19.57776641845703
[12/01 15:52:35] eval INFO: SSIM: 0.4489098787307739
[12/01 15:52:35] eval INFO: LPIPS: 0.5018731355667114
[12/01 15:54:39] eval INFO: loss : 0.011296038515865803 -> 0.006890791933983564
[12/01 15:54:39] eval INFO: 000664.jpg
[12/01 15:54:40] eval INFO: PSNR: 19.77222442626953
[12/01 15:54:40] eval INFO: SSIM: 0.4780866503715515
[12/01 15:54:40] eval INFO: LPIPS: 0.5494527816772461
[12/01 15:57:13] eval INFO: loss : 0.010785329155623913 -> 0.008458571508526802
[12/01 15:57:14] eval INFO: 000747.jpg
[12/01 15:57:15] eval INFO: PSNR: 19.452674865722656
[12/01 15:57:15] eval INFO: SSIM: 0.4555025100708008
[12/01 15:57:15] eval INFO: LPIPS: 0.46056389808654785
[12/01 15:59:38] eval INFO: loss : 0.00611895089969039 -> 0.003707509022206068
[12/01 15:59:39] eval INFO: 000830.jpg
[12/01 15:59:40] eval INFO: PSNR: 24.340503692626953
[12/01 15:59:40] eval INFO: SSIM: 0.6654965877532959
[12/01 15:59:40] eval INFO: LPIPS: 0.4012628197669983
[12/01 16:01:32] eval INFO: loss : 0.009646078571677208 -> 0.009645271115005016
[12/01 16:01:32] eval INFO: 000913.jpg
[12/01 16:01:33] eval INFO: PSNR: 21.41152572631836
[12/01 16:01:33] eval INFO: SSIM: 0.5648043751716614
[12/01 16:01:33] eval INFO: LPIPS: 0.4353411793708801
[12/01 16:03:58] eval INFO: loss : 0.00691947340965271 -> 0.005945357959717512
[12/01 16:03:59] eval INFO: 000996.jpg
[12/01 16:04:00] eval INFO: PSNR: 22.898313522338867
[12/01 16:04:00] eval INFO: SSIM: 0.672324538230896
[12/01 16:04:00] eval INFO: LPIPS: 0.36080020666122437
[12/01 16:06:32] eval INFO: loss : 0.005151516292244196 -> 0.004301300272345543
[12/01 16:06:33] eval INFO: 001079.jpg
[12/01 16:06:34] eval INFO: PSNR: 23.883363723754883
[12/01 16:06:34] eval INFO: SSIM: 0.7539123892784119
[12/01 16:06:34] eval INFO: LPIPS: 0.338842511177063
[12/01 16:09:48] eval INFO: loss : 0.008924855850636959 -> 0.006671804003417492
[12/01 16:09:49] eval INFO: 001162.jpg
[12/01 16:09:50] eval INFO: PSNR: 19.899072647094727
[12/01 16:09:50] eval INFO: SSIM: 0.6503795981407166
[12/01 16:09:50] eval INFO: LPIPS: 0.38360708951950073
[12/01 16:14:23] eval INFO: loss : 0.009462689980864525 -> 0.008961639367043972
[12/01 16:14:24] eval INFO: 001245.jpg
[12/01 16:14:25] eval INFO: PSNR: 20.9544734954834
[12/01 16:14:25] eval INFO: SSIM: 0.6739456057548523
[12/01 16:14:25] eval INFO: LPIPS: 0.36328500509262085
[12/01 16:19:59] eval INFO: loss : 0.01246514730155468 -> 0.012412064708769321
[12/01 16:20:01] eval INFO: 001328.jpg
[12/01 16:20:02] eval INFO: PSNR: 20.82501983642578
[12/01 16:20:02] eval INFO: SSIM: 0.6842277646064758
[12/01 16:20:02] eval INFO: LPIPS: 0.39146268367767334
[12/01 16:24:22] eval INFO: loss : 0.004208410158753395 -> 0.004198899492621422
[12/01 16:24:22] eval INFO: 001411.jpg
[12/01 16:24:24] eval INFO: PSNR: 22.339271545410156
[12/01 16:24:24] eval INFO: SSIM: 0.6235461831092834
[12/01 16:24:24] eval INFO: LPIPS: 0.4686312973499298
[12/01 16:27:45] eval INFO: loss : 0.005922348704189062 -> 0.005510297603905201
[12/01 16:27:46] eval INFO: 001494.jpg
[12/01 16:27:47] eval INFO: PSNR: 21.23171615600586
[12/01 16:27:47] eval INFO: SSIM: 0.6380575895309448
[12/01 16:27:47] eval INFO: LPIPS: 0.4154371917247772
[12/01 16:29:57] eval INFO: loss : 0.003176130121573806 -> 0.0031579826027154922
[12/01 16:29:58] eval INFO: 001577.jpg
[12/01 16:29:59] eval INFO: PSNR: 24.111997604370117
[12/01 16:29:59] eval INFO: SSIM: 0.6242031455039978
[12/01 16:29:59] eval INFO: LPIPS: 0.44866451621055603
[12/01 16:32:20] eval INFO: loss : 0.005068442318588495 -> 0.005053908098489046
[12/01 16:32:20] eval INFO: 001660.jpg
[12/01 16:32:21] eval INFO: PSNR: 22.84437370300293
[12/01 16:32:21] eval INFO: SSIM: 0.7015544772148132
[12/01 16:32:21] eval INFO: LPIPS: 0.43981748819351196
[12/01 16:32:21] eval INFO: ---
[12/01 16:32:21] eval INFO: AVG. PSNR: 20.5999755859375
[12/01 16:32:21] eval INFO: AVG. SSIM: 0.5859581828117371
[12/01 16:32:21] eval INFO: AVG. LPIPS: 0.43392330408096313
